[debug] [2022-09-11T12:24:25.887Z] ----------------------------------------------------------------------
[debug] [2022-09-11T12:24:25.889Z] Command:       C:\Program Files\nodejs\node.exe C:\Users\Dell\AppData\Roaming\npm\node_modules\firebase-tools\lib\bin\firebase.js init
[debug] [2022-09-11T12:24:25.890Z] CLI Version:   11.8.1
[debug] [2022-09-11T12:24:25.890Z] Platform:      win32
[debug] [2022-09-11T12:24:25.890Z] Node Version:  v16.17.0
[debug] [2022-09-11T12:24:25.891Z] Time:          Sun Sep 11 2022 17:54:25 GMT+0530 (India Standard Time)
[debug] [2022-09-11T12:24:25.891Z] ----------------------------------------------------------------------
[debug] 
[debug] [2022-09-11T12:24:25.898Z] > command requires scopes: ["email","openid","https://www.googleapis.com/auth/cloudplatformprojects.readonly","https://www.googleapis.com/auth/firebase","https://www.googleapis.com/auth/cloud-platform"]
[debug] [2022-09-11T12:24:25.899Z] > authorizing via signed-in user (07anshika@gmail.com)
[info] 
     ######## #### ########  ######## ########     ###     ######  ########
     ##        ##  ##     ## ##       ##     ##  ##   ##  ##       ##
     ######    ##  ########  ######   ########  #########  ######  ######
     ##        ##  ##    ##  ##       ##     ## ##     ##       ## ##
     ##       #### ##     ## ######## ########  ##     ##  ######  ########

You're about to initialize a Firebase project in this directory:

  D:\chactive

[info] 
=== Project Setup
[info] 
[info] First, let's associate this project directory with a Firebase project.
[info] You can create multiple project aliases by running firebase use --add, 
[info] but for now we'll just set up a default project.
[info] 
[debug] [2022-09-11T14:23:18.644Z] > refreshing access token with scopes: []
[debug] [2022-09-11T14:23:18.648Z] >>> [apiv2][query] POST https://www.googleapis.com/oauth2/v3/token [none]
[debug] [2022-09-11T14:23:18.649Z] >>> [apiv2][body] POST https://www.googleapis.com/oauth2/v3/token [omitted]
[debug] [2022-09-11T14:23:18.980Z] <<< [apiv2][status] POST https://www.googleapis.com/oauth2/v3/token 200
[debug] [2022-09-11T14:23:18.981Z] <<< [apiv2][body] POST https://www.googleapis.com/oauth2/v3/token [omitted]
[debug] [2022-09-11T14:23:19.003Z] >>> [apiv2][query] GET https://firebase.googleapis.com/v1beta1/projects pageSize=100
[debug] [2022-09-11T14:23:19.828Z] <<< [apiv2][status] GET https://firebase.googleapis.com/v1beta1/projects 200
[debug] [2022-09-11T14:23:19.828Z] <<< [apiv2][body] GET https://firebase.googleapis.com/v1beta1/projects [omitted]
[info] i  Using project chitchat-4b98d (chitchat) 
[info] 
=== Hosting Setup
[info] 
[info] Your public directory is the folder (relative to your project directory) that
[info] will contain Hosting assets to be uploaded with firebase deploy. If you
[info] have a build process for your assets, use your build's output directory.
[info] 
[info] +  Wrote public/404.html 
[debug] [2022-09-11T14:24:21.565Z] >>> [apiv2][query] GET https://www.gstatic.com/firebasejs/releases.json [none]
[debug] [2022-09-11T14:24:21.824Z] <<< [apiv2][status] GET https://www.gstatic.com/firebasejs/releases.json 200
[debug] [2022-09-11T14:24:21.825Z] <<< [apiv2][body] GET https://www.gstatic.com/firebasejs/releases.json {"current":{"version":"9.9.4","browserURL":"https://www.gstatic.com/firebasejs/9.9.4/firebase.js","packageURL":"https://www.gstatic.com/firebasejs/9.9.4/firebase.tgz"},"live":{"version":"9.9","browserURL":"https://www.gstatic.com/firebasejs/live/9.9/firebase.js","packageURL":"https://www.gstatic.com/firebasejs/live/9.9/firebase.tgz"},"components":{"analytics":"https://www.gstatic.com/firebasejs/9.9.4/firebase-analytics.js","app":"https://www.gstatic.com/firebasejs/9.9.4/firebase-app.js","app-check":"https://www.gstatic.com/firebasejs/9.9.4/firebase-app-check.js","auth":"https://www.gstatic.com/firebasejs/9.9.4/firebase-auth.js","auth/cordova":"https://www.gstatic.com/firebasejs/9.9.4/firebase-auth/cordova.js","auth/react-native":"https://www.gstatic.com/firebasejs/9.9.4/firebase-auth/react-native.js","functions":"https://www.gstatic.com/firebasejs/9.9.4/firebase-functions.js","firestore":"https://www.gstatic.com/firebasejs/9.9.4/firebase-firestore.js","firestore/lite":"https://www.gstatic.com/firebasejs/9.9.4/firebase-firestore/lite.js","installations":"https://www.gstatic.com/firebasejs/9.9.4/firebase-installations.js","storage":"https://www.gstatic.com/firebasejs/9.9.4/firebase-storage.js","performance":"https://www.gstatic.com/firebasejs/9.9.4/firebase-performance.js","remote-config":"https://www.gstatic.com/firebasejs/9.9.4/firebase-remote-config.js","messaging":"https://www.gstatic.com/firebasejs/9.9.4/firebase-messaging.js","messaging/sw":"https://www.gstatic.com/firebasejs/9.9.4/firebase-messaging/sw.js","database":"https://www.gstatic.com/firebasejs/9.9.4/firebase-database.js","firestore.memory":"https://www.gstatic.com/firebasejs/9.9.4/firebase-firestore.memory.js"}}
[info] i  Skipping write of public/index.html 
[info] 
[info] i  Didn't detect a .git folder. Assuming D:\chactive is the project root. 
[info] i  Authorizing with GitHub to upload your service account to a GitHub repository's secrets store. 
[info] 
[info] Visit this URL on this device to log in:
[info] https://github.com/login/oauth/authorize?client_id=89cf50f02ac6aaed3484&state=91371229&redirect_uri=http%3A%2F%2Flocalhost%3A9005&scope=read%3Auser%20repo%20public_repo
[info] 
[info] Waiting for authentication...
[debug] [2022-09-11T14:25:10.030Z] >>> [apiv2][query] POST https://github.com/login/oauth/access_token [none]
[debug] [2022-09-11T14:25:10.031Z] >>> [apiv2][body] POST https://github.com/login/oauth/access_token [stream]
[debug] [2022-09-11T14:25:10.507Z] <<< [apiv2][status] POST https://github.com/login/oauth/access_token 200
[debug] [2022-09-11T14:25:10.507Z] <<< [apiv2][body] POST https://github.com/login/oauth/access_token {"access_token":"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","token_type":"bearer","scope":"read:user,repo"}
[debug] [2022-09-11T14:25:10.528Z] >>> [apiv2][query] GET https://api.github.com/user [none]
[debug] [2022-09-11T14:25:11.039Z] <<< [apiv2][status] GET https://api.github.com/user 200
[debug] [2022-09-11T14:25:11.040Z] <<< [apiv2][body] GET https://api.github.com/user {"login":"ans-web07","id":62428706,"node_id":"MDQ6VXNlcjYyNDI4NzA2","avatar_url":"https://avatars.githubusercontent.com/u/62428706?v=4","gravatar_id":"","url":"https://api.github.com/users/ans-web07","html_url":"https://github.com/ans-web07","followers_url":"https://api.github.com/users/ans-web07/followers","following_url":"https://api.github.com/users/ans-web07/following{/other_user}","gists_url":"https://api.github.com/users/ans-web07/gists{/gist_id}","starred_url":"https://api.github.com/users/ans-web07/starred{/owner}{/repo}","subscriptions_url":"https://api.github.com/users/ans-web07/subscriptions","organizations_url":"https://api.github.com/users/ans-web07/orgs","repos_url":"https://api.github.com/users/ans-web07/repos","events_url":"https://api.github.com/users/ans-web07/events{/privacy}","received_events_url":"https://api.github.com/users/ans-web07/received_events","type":"User","site_admin":false,"name":"Anshika Gupta","company":null,"blog":"","location":"Agra,UP","email":null,"hireable":null,"bio":"MERN Stack Developer","twitter_username":null,"public_repos":14,"public_gists":0,"followers":0,"following":0,"created_at":"2020-03-20T11:57:35Z","updated_at":"2022-08-10T10:23:22Z","private_gists":0,"total_private_repos":0,"owned_private_repos":0,"disk_usage":2990,"collaborators":0,"two_factor_authentication":false,"plan":{"name":"free","space":976562499,"collaborators":0,"private_repos":10000}}
[info] 
[info] +  Success! Logged into GitHub as ans-web07 
[info] 
